2013-09-21 04:03:38.375 [IPEngineApp] Loading url_file u'/Users/peitalin/.ipython/profile_default/security/ipcontroller-engine.json'
2013-09-21 04:03:38.385 [IPEngineApp] Registering with controller at tcp://127.0.0.1:59364
2013-09-21 04:03:38.460 [IPEngineApp] Starting to monitor the heartbeat signal from the hub every 3010 ms.
2013-09-21 04:03:38.464 [IPEngineApp] Using existing profile dir: u'/Users/peitalin/.ipython/profile_default'
2013-09-21 04:03:38.465 [IPEngineApp] Running code in user namespace: %load_ext autoreload
2013-09-21 04:03:38.470 [IPEngineApp] Running code in user namespace: %autoreload 2
2013-09-21 04:03:38.470 [IPEngineApp] Running code in user namespace: from inspect import getmembers
2013-09-21 04:03:38.481 [IPEngineApp] Running code in user namespace: pylab
2013-09-21 04:03:38.754 [IPEngineApp] Running code in user namespace: import pandas as pd
2013-09-21 04:03:38.971 [IPEngineApp] Running code in user namespace: from operator import *
2013-09-21 04:03:38.997 [IPEngineApp] Running code in user namespace: from functools import *
2013-09-21 04:03:39.022 [IPEngineApp] Running code in user namespace: from fn import *
2013-09-21 04:03:39.082 [IPEngineApp] Running code in user namespace: from fn.op import *
2013-09-21 04:03:39.109 [IPEngineApp] Running code in user namespace: from itertools import *
2013-09-21 04:03:39.135 [IPEngineApp] Running code in user namespace: def words(x): return x.split(" ")
2013-09-21 04:03:39.160 [IPEngineApp] Running code in user namespace: from __future__ import print_function, absolute_import
2013-09-21 04:03:39.183 [IPEngineApp] Running code in user namespace: print("from: [itertools, functools, fn, operator, future] imported *")
2013-09-21 04:03:39.207 [IPEngineApp] Running code in user namespace: print("-"*75)
2013-09-21 04:03:39.239 [IPEngineApp] Completed registration with id 3
2013-09-21 04:03:39.239 [IPEngineApp] entering eventloop
